<?xml version="1.0" encoding="UTF-8"?>
<robot generator="Robot 3.2.1 (Python 3.8.3 on win32)" generated="20200618 00:48:37.907" rpa="false">
<suite id="s1" name="TestSiteTocaObra" source="C:\Projetos\SuiteTeste(TocaObra)\tests\TestSiteTocaObra.robot">
<test id="s1-t1" name="Cenário 01: Pedido de compra Logado">
<kw name="Abrir navegador" library="Resource" type="setup">
<kw name="Open Browser" library="SeleniumLibrary">
<doc>Opens a new browser instance to the optional ``url``.</doc>
<arguments>
<arg>about:blank</arg>
<arg>${BROWSER}</arg>
</arguments>
<msg timestamp="20200618 00:48:38.189" level="INFO">Opening browser 'chrome' to base url 'about:blank'.</msg>
<status status="PASS" starttime="20200618 00:48:38.189" endtime="20200618 00:48:42.025"></status>
</kw>
<kw name="Maximize Browser Window" library="SeleniumLibrary">
<doc>Maximizes current browser window.</doc>
<status status="PASS" starttime="20200618 00:48:42.025" endtime="20200618 00:48:44.161"></status>
</kw>
<status status="PASS" starttime="20200618 00:48:38.189" endtime="20200618 00:48:44.161"></status>
</kw>
<kw name="Dado que estou na página home do site">
<kw name="Acessar a página home do site" library="Resource">
<kw name="Go To" library="SeleniumLibrary">
<doc>Navigates the current browser window to the provided ``url``.</doc>
<arguments>
<arg>${URL}</arg>
</arguments>
<msg timestamp="20200618 00:48:44.161" level="INFO">Opening url 'https://tocaobra.sandbox.clubecdp.com.br'</msg>
<status status="PASS" starttime="20200618 00:48:44.161" endtime="20200618 00:48:57.945"></status>
</kw>
<kw name="Title Should Be" library="SeleniumLibrary">
<doc>Verifies that the current page title equals ``title``.</doc>
<arguments>
<arg>Toca Obra</arg>
</arguments>
<msg timestamp="20200618 00:48:58.009" level="INFO">Page title is 'Toca Obra'.</msg>
<status status="PASS" starttime="20200618 00:48:57.945" endtime="20200618 00:48:58.009"></status>
</kw>
<status status="PASS" starttime="20200618 00:48:44.161" endtime="20200618 00:48:58.009"></status>
</kw>
<status status="PASS" starttime="20200618 00:48:44.161" endtime="20200618 00:48:58.009"></status>
</kw>
<kw name="Quando eu selecionar o link &quot;Entre&quot;">
<kw name="Clicar na opção do link &quot;Entre&quot;" library="Resource">
<kw name="Click Element" library="SeleniumLibrary">
<doc>Click the element identified by ``locator``.</doc>
<arguments>
<arg>${LINK}</arg>
</arguments>
<msg timestamp="20200618 00:48:58.009" level="INFO">Clicking element 'xpath=//*[@id="wrapper"]/header/nav[1]//div/div[2]/a[1]'.</msg>
<status status="PASS" starttime="20200618 00:48:58.009" endtime="20200618 00:48:59.490"></status>
</kw>
<status status="PASS" starttime="20200618 00:48:58.009" endtime="20200618 00:48:59.490"></status>
</kw>
<status status="PASS" starttime="20200618 00:48:58.009" endtime="20200618 00:48:59.490"></status>
</kw>
<kw name="Então direciona o cliente para a página de login">
<kw name="Verifica a página de login" library="Resource">
<kw name="Wait Until Element Is Visible" library="SeleniumLibrary">
<doc>Waits until the element ``locator`` is visible.</doc>
<arguments>
<arg>xpath=//*[@id="loginForm"]/div[1]/p</arg>
</arguments>
<status status="PASS" starttime="20200618 00:48:59.522" endtime="20200618 00:49:00.143"></status>
</kw>
<kw name="Page Should Contain Image" library="SeleniumLibrary">
<doc>Verifies image identified by ``locator`` is found from current page.</doc>
<arguments>
<arg>xpath=//*[@id="login"]/div/img[@src="${IMG-LOGO}"]</arg>
</arguments>
<msg timestamp="20200618 00:49:00.167" level="INFO">Current page contains image 'xpath=//*[@id="login"]/div/img[@src="https://images.sandbox.canaldapeca.com.br/fornecedores/m/toca-obra.jpg"]'.</msg>
<status status="PASS" starttime="20200618 00:49:00.143" endtime="20200618 00:49:00.167"></status>
</kw>
<status status="PASS" starttime="20200618 00:48:59.518" endtime="20200618 00:49:00.167"></status>
</kw>
<status status="PASS" starttime="20200618 00:48:59.518" endtime="20200618 00:49:00.167"></status>
</kw>
<kw name="Quando informo os dados do login">
<kw name="Informe campo Email" library="Resource">
<kw name="Click Element" library="SeleniumLibrary">
<doc>Click the element identified by ``locator``.</doc>
<arguments>
<arg>${CAMPO-EMAIL}</arg>
</arguments>
<msg timestamp="20200618 00:49:00.167" level="INFO">Clicking element 'xpath=//*[@id="username"]'.</msg>
<status status="PASS" starttime="20200618 00:49:00.167" endtime="20200618 00:49:00.275"></status>
</kw>
<kw name="Input Text" library="SeleniumLibrary">
<doc>Types the given ``text`` into the text field identified by ``locator``.</doc>
<arguments>
<arg>${CAMPO-EMAIL}</arg>
<arg>${EMAIL}</arg>
</arguments>
<msg timestamp="20200618 00:49:00.275" level="INFO">Typing text 'jsobrinho87@gmail.com' into text field 'xpath=//*[@id="username"]'.</msg>
<status status="PASS" starttime="20200618 00:49:00.275" endtime="20200618 00:49:00.446"></status>
</kw>
<status status="PASS" starttime="20200618 00:49:00.167" endtime="20200618 00:49:00.446"></status>
</kw>
<kw name="Informe campo Senha" library="Resource">
<kw name="Click Element" library="SeleniumLibrary">
<doc>Click the element identified by ``locator``.</doc>
<arguments>
<arg>${CAMPO-SENHA}</arg>
</arguments>
<msg timestamp="20200618 00:49:00.446" level="INFO">Clicking element 'xpath=//*[@id="password"]'.</msg>
<status status="PASS" starttime="20200618 00:49:00.446" endtime="20200618 00:49:00.518"></status>
</kw>
<kw name="Input Text" library="SeleniumLibrary">
<doc>Types the given ``text`` into the text field identified by ``locator``.</doc>
<arguments>
<arg>${CAMPO-SENHA}</arg>
<arg>${SENHA}</arg>
</arguments>
<msg timestamp="20200618 00:49:00.518" level="INFO">Typing text 'testecws' into text field 'xpath=//*[@id="password"]'.</msg>
<status status="PASS" starttime="20200618 00:49:00.518" endtime="20200618 00:49:00.646"></status>
</kw>
<status status="PASS" starttime="20200618 00:49:00.446" endtime="20200618 00:49:00.646"></status>
</kw>
<kw name="Seleciona botão &quot;Fazer login&quot;" library="Resource">
<kw name="Click Element" library="SeleniumLibrary">
<doc>Click the element identified by ``locator``.</doc>
<arguments>
<arg>${BOTAO-LOGIN}</arg>
</arguments>
<msg timestamp="20200618 00:49:00.646" level="INFO">Clicking element 'xpath=//*[@id="submit"]'.</msg>
<status status="PASS" starttime="20200618 00:49:00.646" endtime="20200618 00:49:00.757"></status>
</kw>
<status status="PASS" starttime="20200618 00:49:00.646" endtime="20200618 00:49:00.757"></status>
</kw>
<status status="PASS" starttime="20200618 00:49:00.167" endtime="20200618 00:49:00.757"></status>
</kw>
<kw name="Então sistema direciona para página home">
<kw name="Verifica página logado Home" library="Resource">
<kw name="Set Selenium Implicit Wait" library="SeleniumLibrary">
<doc>Sets the implicit wait value used by Selenium.</doc>
<arguments>
<arg>15 seconds</arg>
</arguments>
<status status="PASS" starttime="20200618 00:49:00.757" endtime="20200618 00:49:00.761"></status>
</kw>
<kw name="Wait Until Element Is Visible" library="SeleniumLibrary">
<doc>Waits until the element ``locator`` is visible.</doc>
<arguments>
<arg>xpath=//*[@id="wrapper"]/section/h2</arg>
</arguments>
<status status="PASS" starttime="20200618 00:49:00.761" endtime="20200618 00:49:08.636"></status>
</kw>
<kw name="Page Should Contain Image" library="SeleniumLibrary">
<doc>Verifies image identified by ``locator`` is found from current page.</doc>
<arguments>
<arg>xpath=//*[@id="logo"]/h1/a/img[@src="${IMG-LOGO}"]</arg>
</arguments>
<msg timestamp="20200618 00:49:08.660" level="INFO">Current page contains image 'xpath=//*[@id="logo"]/h1/a/img[@src="https://images.sandbox.canaldapeca.com.br/fornecedores/m/toca-obra.jpg"]'.</msg>
<status status="PASS" starttime="20200618 00:49:08.636" endtime="20200618 00:49:08.660"></status>
</kw>
<status status="PASS" starttime="20200618 00:49:00.757" endtime="20200618 00:49:08.660"></status>
</kw>
<status status="PASS" starttime="20200618 00:49:00.757" endtime="20200618 00:49:08.660"></status>
</kw>
<kw name="Quando eu selecionar um produto">
<kw name="Seleciona um produto" library="Resource">
<kw name="Click Element" library="SeleniumLibrary">
<doc>Click the element identified by ``locator``.</doc>
<arguments>
<arg>${SEL-PROD}</arg>
</arguments>
<msg timestamp="20200618 00:49:08.660" level="INFO">Clicking element 'css=#wrapper &gt; div.highlight-products-section &gt; div.go-home-container.clearfix.container &gt; div &gt; div &gt; div &gt; div &gt; div.owl-stage-outer &gt; div &gt; div:nth-child(2)'.</msg>
<status status="PASS" starttime="20200618 00:49:08.660" endtime="20200618 00:49:09.067"></status>
</kw>
<status status="PASS" starttime="20200618 00:49:08.660" endtime="20200618 00:49:09.067"></status>
</kw>
<status status="PASS" starttime="20200618 00:49:08.660" endtime="20200618 00:49:09.067"></status>
</kw>
<kw name="Então sistema direciona para página do produto">
<kw name="Verifica página de ficha do produto" library="Resource">
<kw name="Set Selenium Implicit Wait" library="SeleniumLibrary">
<doc>Sets the implicit wait value used by Selenium.</doc>
<arguments>
<arg>15 seconds</arg>
</arguments>
<status status="PASS" starttime="20200618 00:49:09.071" endtime="20200618 00:49:09.075"></status>
</kw>
<kw name="Wait Until Element Is Visible" library="SeleniumLibrary">
<doc>Waits until the element ``locator`` is visible.</doc>
<arguments>
<arg>${TEXT-PRODUTO}</arg>
</arguments>
<status status="PASS" starttime="20200618 00:49:09.079" endtime="20200618 00:49:11.172"></status>
</kw>
<kw name="Page Should Contain Element" library="SeleniumLibrary">
<doc>Verifies that element ``locator`` is found on the current page.</doc>
<arguments>
<arg>${ADD-CARRINHO}</arg>
</arguments>
<msg timestamp="20200618 00:49:15.362" level="INFO">Current page contains element 'xpath=//*[@id="button-submit-cart-footer"]'.</msg>
<status status="PASS" starttime="20200618 00:49:11.172" endtime="20200618 00:49:15.366"></status>
</kw>
<status status="PASS" starttime="20200618 00:49:09.071" endtime="20200618 00:49:15.367"></status>
</kw>
<status status="PASS" starttime="20200618 00:49:09.067" endtime="20200618 00:49:15.367"></status>
</kw>
<kw name="Quando eu seleciona botão &quot;Adicionar ao Carrinho&quot;">
<kw name="Seleciona o botão &quot;Adicionar ao Carrinho&quot;" library="Resource">
<kw name="Click Element" library="SeleniumLibrary">
<doc>Click the element identified by ``locator``.</doc>
<arguments>
<arg>${ADD-CARRINHO}</arg>
</arguments>
<msg timestamp="20200618 00:49:15.367" level="INFO">Clicking element 'xpath=//*[@id="button-submit-cart-footer"]'.</msg>
<status status="PASS" starttime="20200618 00:49:15.367" endtime="20200618 00:49:17.498"></status>
</kw>
<status status="PASS" starttime="20200618 00:49:15.367" endtime="20200618 00:49:17.498"></status>
</kw>
<status status="PASS" starttime="20200618 00:49:15.367" endtime="20200618 00:49:17.502"></status>
</kw>
<kw name="Então sistema direciona para página de Carrinho">
<kw name="Verifica página do Carrinho" library="Resource">
<kw name="Set Selenium Implicit Wait" library="SeleniumLibrary">
<doc>Sets the implicit wait value used by Selenium.</doc>
<arguments>
<arg>15 seconds</arg>
</arguments>
<status status="PASS" starttime="20200618 00:49:17.510" endtime="20200618 00:49:17.510"></status>
</kw>
<kw name="Wait Until Element Is Visible" library="SeleniumLibrary">
<doc>Waits until the element ``locator`` is visible.</doc>
<arguments>
<arg>xpath=//*[@id="content"]/div[1]/h3/div</arg>
</arguments>
<status status="PASS" starttime="20200618 00:49:17.510" endtime="20200618 00:49:17.825"></status>
</kw>
<status status="PASS" starttime="20200618 00:49:17.506" endtime="20200618 00:49:17.825"></status>
</kw>
<status status="PASS" starttime="20200618 00:49:17.506" endtime="20200618 00:49:17.825"></status>
</kw>
<kw name="Quando eu seleciona botão &quot;Finalizar Compra&quot;">
<kw name="Seleciona o botão &quot;Finalizar Compra&quot;" library="Resource">
<kw name="Click Element" library="SeleniumLibrary">
<doc>Click the element identified by ``locator``.</doc>
<arguments>
<arg>${BOT-FRETE}</arg>
</arguments>
<msg timestamp="20200618 00:49:17.829" level="INFO">Clicking element 'xpath=//*[@id="content"]/div[2]/form/div/div[2]/div[2]/button'.</msg>
<status status="PASS" starttime="20200618 00:49:17.829" endtime="20200618 00:49:18.424"></status>
</kw>
<status status="PASS" starttime="20200618 00:49:17.829" endtime="20200618 00:49:18.424"></status>
</kw>
<status status="PASS" starttime="20200618 00:49:17.825" endtime="20200618 00:49:18.424"></status>
</kw>
<kw name="Então sistema direciona para página de Escolha o frete">
<kw name="Verifica página de Escolha o frete" library="Resource">
<kw name="Set Selenium Implicit Wait" library="SeleniumLibrary">
<doc>Sets the implicit wait value used by Selenium.</doc>
<arguments>
<arg>15 seconds</arg>
</arguments>
<status status="PASS" starttime="20200618 00:49:18.432" endtime="20200618 00:49:18.436"></status>
</kw>
<kw name="Wait Until Element Is Visible" library="SeleniumLibrary">
<doc>Waits until the element ``locator`` is visible.</doc>
<arguments>
<arg>xpath=//*[@id="freigh-section"]/div[1]/h2</arg>
</arguments>
<status status="PASS" starttime="20200618 00:49:18.436" endtime="20200618 00:49:20.364"></status>
</kw>
<status status="PASS" starttime="20200618 00:49:18.428" endtime="20200618 00:49:20.364"></status>
</kw>
<status status="PASS" starttime="20200618 00:49:18.428" endtime="20200618 00:49:20.364"></status>
</kw>
<kw name="Quando eu seleciona botão &quot;Ir para forma de pagamento&quot;">
<kw name="Seleciona o botão &quot;Ir para forma de pagamento&quot;" library="Resource">
<kw name="Click Element" library="SeleniumLibrary">
<doc>Click the element identified by ``locator``.</doc>
<arguments>
<arg>${BOT-FORMA-ENTR}</arg>
</arguments>
<msg timestamp="20200618 00:49:20.368" level="INFO">Clicking element 'xpath=//*[@id="radio34500"]'.</msg>
<kw name="Capture Page Screenshot" library="SeleniumLibrary">
<doc>Takes a screenshot of the current page and embeds it into a log file.</doc>
<msg timestamp="20200618 00:49:35.901" level="INFO" html="yes">&lt;/td&gt;&lt;/tr&gt;&lt;tr&gt;&lt;td colspan="3"&gt;&lt;a href="selenium-screenshot-7.png"&gt;&lt;img src="selenium-screenshot-7.png" width="800px"&gt;&lt;/a&gt;</msg>
<status status="PASS" starttime="20200618 00:49:35.464" endtime="20200618 00:49:35.901"></status>
</kw>
<msg timestamp="20200618 00:49:35.901" level="FAIL">Element with locator 'xpath=//*[@id="radio34500"]' not found.</msg>
<status status="FAIL" starttime="20200618 00:49:20.368" endtime="20200618 00:49:35.901"></status>
</kw>
<status status="FAIL" starttime="20200618 00:49:20.364" endtime="20200618 00:49:35.901"></status>
</kw>
<status status="FAIL" starttime="20200618 00:49:20.364" endtime="20200618 00:49:35.905"></status>
</kw>
<status status="FAIL" starttime="20200618 00:48:38.189" endtime="20200618 00:49:35.905" critical="yes">Element with locator 'xpath=//*[@id="radio34500"]' not found.</status>
</test>
<status status="FAIL" starttime="20200618 00:48:37.907" endtime="20200618 00:49:35.905"></status>
</suite>
<statistics>
<total>
<stat pass="0" fail="1">Critical Tests</stat>
<stat pass="0" fail="1">All Tests</stat>
</total>
<tag>
</tag>
<suite>
<stat pass="0" fail="1" id="s1" name="TestSiteTocaObra">TestSiteTocaObra</stat>
</suite>
</statistics>
<errors>
</errors>
</robot>
