<?xml version="1.0" encoding="UTF-8"?>
<robot generator="Robot 3.2.1 (Python 3.8.3 on win32)" generated="20200706 16:39:35.135" rpa="false">
<suite id="s1" name="TestSiteTocaObra" source="C:\Projetos\SuiteTeste(TocaObra)\tests\TestSiteTocaObra.robot">
<test id="s1-t1" name="Cenário 01: Pedido de compra Logado">
<kw name="Abrir navegador" library="Resource" type="setup">
<kw name="Open Browser" library="SeleniumLibrary">
<doc>Opens a new browser instance to the optional ``url``.</doc>
<arguments>
<arg>about:blank</arg>
<arg>${BROWSER}</arg>
</arguments>
<msg timestamp="20200706 16:39:35.479" level="INFO">Opening browser 'chrome' to base url 'about:blank'.</msg>
<status status="PASS" starttime="20200706 16:39:35.478" endtime="20200706 16:39:39.787"></status>
</kw>
<kw name="Maximize Browser Window" library="SeleniumLibrary">
<doc>Maximizes current browser window.</doc>
<status status="PASS" starttime="20200706 16:39:39.787" endtime="20200706 16:39:41.945"></status>
</kw>
<status status="PASS" starttime="20200706 16:39:35.477" endtime="20200706 16:39:41.945"></status>
</kw>
<kw name="Dado que estou na página home do site">
<kw name="Acessar a página home do site" library="Resource">
<kw name="Go To" library="SeleniumLibrary">
<doc>Navigates the current browser window to the provided ``url``.</doc>
<arguments>
<arg>${URL}</arg>
</arguments>
<msg timestamp="20200706 16:39:41.949" level="INFO">Opening url 'https://tocaobra.sandbox.clubecdp.com.br'</msg>
<status status="PASS" starttime="20200706 16:39:41.948" endtime="20200706 16:39:48.086"></status>
</kw>
<kw name="Title Should Be" library="SeleniumLibrary">
<doc>Verifies that the current page title equals ``title``.</doc>
<arguments>
<arg>Toca Obra</arg>
</arguments>
<msg timestamp="20200706 16:39:49.263" level="INFO">Page title is 'Toca Obra'.</msg>
<status status="PASS" starttime="20200706 16:39:48.087" endtime="20200706 16:39:49.263"></status>
</kw>
<status status="PASS" starttime="20200706 16:39:41.947" endtime="20200706 16:39:49.264"></status>
</kw>
<status status="PASS" starttime="20200706 16:39:41.947" endtime="20200706 16:39:49.264"></status>
</kw>
<kw name="Quando eu selecionar o link &quot;Entre&quot;">
<kw name="Clicar na opção do link &quot;Entre&quot;" library="Resource">
<kw name="Click Element" library="SeleniumLibrary">
<doc>Click the element identified by ``locator``.</doc>
<arguments>
<arg>${LINK}</arg>
</arguments>
<msg timestamp="20200706 16:39:49.268" level="INFO">Clicking element 'xpath=//*[@id="wrapper"]/header/nav[1]//div/div[2]/a[1]'.</msg>
<status status="PASS" starttime="20200706 16:39:49.267" endtime="20200706 16:39:51.861"></status>
</kw>
<status status="PASS" starttime="20200706 16:39:49.267" endtime="20200706 16:39:51.861"></status>
</kw>
<status status="PASS" starttime="20200706 16:39:49.266" endtime="20200706 16:39:51.861"></status>
</kw>
<kw name="Então direciona o cliente para a página de login">
<kw name="Verifica a página de login" library="Resource">
<kw name="Set Selenium Implicit Wait" library="SeleniumLibrary">
<doc>Sets the implicit wait value used by Selenium.</doc>
<arguments>
<arg>15 seconds</arg>
</arguments>
<status status="PASS" starttime="20200706 16:39:51.881" endtime="20200706 16:39:51.885"></status>
</kw>
<kw name="Wait Until Element Is Visible" library="SeleniumLibrary">
<doc>Waits until the element ``locator`` is visible.</doc>
<arguments>
<arg>id: loginForm</arg>
</arguments>
<status status="PASS" starttime="20200706 16:39:51.886" endtime="20200706 16:39:52.357"></status>
</kw>
<kw name="Page Should Contain Image" library="SeleniumLibrary">
<doc>Verifies image identified by ``locator`` is found from current page.</doc>
<arguments>
<arg>xpath=//*[@id="login"]/div/a/img[@src="${IMG-LOGO}"]</arg>
</arguments>
<msg timestamp="20200706 16:39:52.376" level="INFO">Current page contains image 'xpath=//*[@id="login"]/div/a/img[@src="https://images.sandbox.canaldapeca.com.br/fornecedores/m/toca-obra.jpg"]'.</msg>
<status status="PASS" starttime="20200706 16:39:52.357" endtime="20200706 16:39:52.376"></status>
</kw>
<status status="PASS" starttime="20200706 16:39:51.879" endtime="20200706 16:39:52.377"></status>
</kw>
<status status="PASS" starttime="20200706 16:39:51.878" endtime="20200706 16:39:52.377"></status>
</kw>
<kw name="Quando informo os dados do login">
<kw name="Informe campo Email" library="Resource">
<kw name="Click Element" library="SeleniumLibrary">
<doc>Click the element identified by ``locator``.</doc>
<arguments>
<arg>${CAMPO-EMAIL}</arg>
</arguments>
<msg timestamp="20200706 16:39:52.380" level="INFO">Clicking element 'xpath=//*[@id="username"]'.</msg>
<status status="PASS" starttime="20200706 16:39:52.379" endtime="20200706 16:39:52.494"></status>
</kw>
<kw name="Input Text" library="SeleniumLibrary">
<doc>Types the given ``text`` into the text field identified by ``locator``.</doc>
<arguments>
<arg>${CAMPO-EMAIL}</arg>
<arg>${EMAIL}</arg>
</arguments>
<msg timestamp="20200706 16:39:52.495" level="INFO">Typing text 'jsobrinho87@gmail.com' into text field 'xpath=//*[@id="username"]'.</msg>
<status status="PASS" starttime="20200706 16:39:52.495" endtime="20200706 16:39:52.814"></status>
</kw>
<status status="PASS" starttime="20200706 16:39:52.378" endtime="20200706 16:39:52.815"></status>
</kw>
<kw name="Informe campo Senha" library="Resource">
<kw name="Click Element" library="SeleniumLibrary">
<doc>Click the element identified by ``locator``.</doc>
<arguments>
<arg>${CAMPO-SENHA}</arg>
</arguments>
<msg timestamp="20200706 16:39:52.816" level="INFO">Clicking element 'xpath=//*[@id="password"]'.</msg>
<status status="PASS" starttime="20200706 16:39:52.816" endtime="20200706 16:39:53.021"></status>
</kw>
<kw name="Input Text" library="SeleniumLibrary">
<doc>Types the given ``text`` into the text field identified by ``locator``.</doc>
<arguments>
<arg>${CAMPO-SENHA}</arg>
<arg>${SENHA}</arg>
</arguments>
<msg timestamp="20200706 16:39:53.022" level="INFO">Typing text 'testecws' into text field 'xpath=//*[@id="password"]'.</msg>
<status status="PASS" starttime="20200706 16:39:53.021" endtime="20200706 16:39:53.151"></status>
</kw>
<status status="PASS" starttime="20200706 16:39:52.815" endtime="20200706 16:39:53.151"></status>
</kw>
<kw name="Seleciona botão &quot;Fazer login&quot;" library="Resource">
<kw name="Click Element" library="SeleniumLibrary">
<doc>Click the element identified by ``locator``.</doc>
<arguments>
<arg>${BOTAO-LOGIN}</arg>
</arguments>
<msg timestamp="20200706 16:39:53.153" level="INFO">Clicking element 'xpath=//*[@id="submit"]'.</msg>
<status status="PASS" starttime="20200706 16:39:53.152" endtime="20200706 16:39:53.604"></status>
</kw>
<status status="PASS" starttime="20200706 16:39:53.152" endtime="20200706 16:39:53.604"></status>
</kw>
<status status="PASS" starttime="20200706 16:39:52.378" endtime="20200706 16:39:53.605"></status>
</kw>
<kw name="Então sistema direciona para página home">
<kw name="Verifica página logado Home" library="Resource">
<kw name="Set Selenium Implicit Wait" library="SeleniumLibrary">
<doc>Sets the implicit wait value used by Selenium.</doc>
<arguments>
<arg>15 seconds</arg>
</arguments>
<status status="PASS" starttime="20200706 16:39:53.625" endtime="20200706 16:39:53.651"></status>
</kw>
<kw name="Wait Until Element Is Visible" library="SeleniumLibrary">
<doc>Waits until the element ``locator`` is visible.</doc>
<arguments>
<arg>xpath=//*[@id="wrapper"]/section/h2</arg>
</arguments>
<status status="PASS" starttime="20200706 16:39:53.651" endtime="20200706 16:39:58.076"></status>
</kw>
<kw name="Page Should Contain Image" library="SeleniumLibrary">
<doc>Verifies image identified by ``locator`` is found from current page.</doc>
<arguments>
<arg>xpath=//*[@id="logo"]/h1/a/img[@src="${IMG-LOGO}"]</arg>
</arguments>
<msg timestamp="20200706 16:39:58.413" level="INFO">Current page contains image 'xpath=//*[@id="logo"]/h1/a/img[@src="https://images.sandbox.canaldapeca.com.br/fornecedores/m/toca-obra.jpg"]'.</msg>
<status status="PASS" starttime="20200706 16:39:58.076" endtime="20200706 16:39:58.414"></status>
</kw>
<status status="PASS" starttime="20200706 16:39:53.624" endtime="20200706 16:39:58.414"></status>
</kw>
<status status="PASS" starttime="20200706 16:39:53.623" endtime="20200706 16:39:58.415"></status>
</kw>
<kw name="Quando eu selecionar um produto">
<kw name="Seleciona um produto" library="Resource">
<kw name="Click Element" library="SeleniumLibrary">
<doc>Click the element identified by ``locator``.</doc>
<arguments>
<arg>${SEL-PROD}</arg>
</arguments>
<msg timestamp="20200706 16:39:58.418" level="INFO">Clicking element 'css=#wrapper &gt; div.highlight-products-section &gt; div.go-home-container.clearfix.container &gt; div &gt; div &gt; div &gt; div &gt; div.owl-stage-outer &gt; div &gt; div:nth-child(2)'.</msg>
<status status="PASS" starttime="20200706 16:39:58.417" endtime="20200706 16:39:58.993"></status>
</kw>
<status status="PASS" starttime="20200706 16:39:58.417" endtime="20200706 16:39:58.994"></status>
</kw>
<status status="PASS" starttime="20200706 16:39:58.416" endtime="20200706 16:39:58.994"></status>
</kw>
<kw name="Então sistema direciona para página do produto">
<kw name="Verifica página de ficha do produto" library="Resource">
<kw name="Set Selenium Implicit Wait" library="SeleniumLibrary">
<doc>Sets the implicit wait value used by Selenium.</doc>
<arguments>
<arg>15 seconds</arg>
</arguments>
<status status="PASS" starttime="20200706 16:39:58.998" endtime="20200706 16:39:59.007"></status>
</kw>
<kw name="Wait Until Element Is Visible" library="SeleniumLibrary">
<doc>Waits until the element ``locator`` is visible.</doc>
<arguments>
<arg>${TEXT-PRODUTO}</arg>
</arguments>
<status status="PASS" starttime="20200706 16:39:59.007" endtime="20200706 16:40:01.145"></status>
</kw>
<kw name="Page Should Contain Element" library="SeleniumLibrary">
<doc>Verifies that element ``locator`` is found on the current page.</doc>
<arguments>
<arg>${ADD-CARRINHO}</arg>
</arguments>
<msg timestamp="20200706 16:40:02.555" level="INFO">Current page contains element 'xpath=//*[@id="button-submit-cart-footer"]'.</msg>
<status status="PASS" starttime="20200706 16:40:01.145" endtime="20200706 16:40:02.556"></status>
</kw>
<status status="PASS" starttime="20200706 16:39:58.997" endtime="20200706 16:40:02.556"></status>
</kw>
<status status="PASS" starttime="20200706 16:39:58.995" endtime="20200706 16:40:02.556"></status>
</kw>
<kw name="Quando eu seleciona botão &quot;Adicionar ao Carrinho&quot;">
<kw name="Seleciona o botão &quot;Adicionar ao Carrinho&quot;" library="Resource">
<kw name="Click Element" library="SeleniumLibrary">
<doc>Click the element identified by ``locator``.</doc>
<arguments>
<arg>${ADD-CARRINHO}</arg>
</arguments>
<msg timestamp="20200706 16:40:02.559" level="INFO">Clicking element 'xpath=//*[@id="button-submit-cart-footer"]'.</msg>
<status status="PASS" starttime="20200706 16:40:02.558" endtime="20200706 16:40:06.129"></status>
</kw>
<status status="PASS" starttime="20200706 16:40:02.558" endtime="20200706 16:40:06.130"></status>
</kw>
<status status="PASS" starttime="20200706 16:40:02.557" endtime="20200706 16:40:06.130"></status>
</kw>
<kw name="Então sistema direciona para página de Carrinho">
<kw name="Verifica página do Carrinho" library="Resource">
<kw name="Set Selenium Implicit Wait" library="SeleniumLibrary">
<doc>Sets the implicit wait value used by Selenium.</doc>
<arguments>
<arg>15 seconds</arg>
</arguments>
<status status="PASS" starttime="20200706 16:40:06.136" endtime="20200706 16:40:06.138"></status>
</kw>
<kw name="Wait Until Element Is Visible" library="SeleniumLibrary">
<doc>Waits until the element ``locator`` is visible.</doc>
<arguments>
<arg>xpath=//*[@id="content"]/div[1]/h3/div</arg>
</arguments>
<status status="PASS" starttime="20200706 16:40:06.138" endtime="20200706 16:40:06.172"></status>
</kw>
<status status="PASS" starttime="20200706 16:40:06.135" endtime="20200706 16:40:06.172"></status>
</kw>
<status status="PASS" starttime="20200706 16:40:06.134" endtime="20200706 16:40:06.172"></status>
</kw>
<kw name="Quando eu seleciona botão &quot;Finalizar Compra&quot;">
<kw name="Seleciona o botão &quot;Finalizar Compra&quot;" library="Resource">
<kw name="Click Element" library="SeleniumLibrary">
<doc>Click the element identified by ``locator``.</doc>
<arguments>
<arg>${BOT-FRETE}</arg>
</arguments>
<msg timestamp="20200706 16:40:06.175" level="INFO">Clicking element 'xpath=//*[@id="content"]/div[2]/form/div/div[2]/div[2]/button'.</msg>
<status status="PASS" starttime="20200706 16:40:06.174" endtime="20200706 16:40:06.577"></status>
</kw>
<status status="PASS" starttime="20200706 16:40:06.173" endtime="20200706 16:40:06.578"></status>
</kw>
<status status="PASS" starttime="20200706 16:40:06.173" endtime="20200706 16:40:06.578"></status>
</kw>
<kw name="Então sistema direciona para página de Escolha o frete">
<kw name="Verifica página de Escolha o frete" library="Resource">
<kw name="Set Selenium Implicit Wait" library="SeleniumLibrary">
<doc>Sets the implicit wait value used by Selenium.</doc>
<arguments>
<arg>15 seconds</arg>
</arguments>
<status status="PASS" starttime="20200706 16:40:06.585" endtime="20200706 16:40:06.587"></status>
</kw>
<kw name="Wait Until Element Is Visible" library="SeleniumLibrary">
<doc>Waits until the element ``locator`` is visible.</doc>
<arguments>
<arg>id: order-resume</arg>
</arguments>
<status status="PASS" starttime="20200706 16:40:06.587" endtime="20200706 16:40:09.706"></status>
</kw>
<status status="PASS" starttime="20200706 16:40:06.584" endtime="20200706 16:40:09.706"></status>
</kw>
<status status="PASS" starttime="20200706 16:40:06.583" endtime="20200706 16:40:09.707"></status>
</kw>
<kw name="Quando eu seleciona botão &quot;Ir para forma de pagamento&quot;">
<kw name="Seleciona o botão &quot;Ir para forma de pagamento&quot;" library="Resource">
<kw name="Click Element" library="SeleniumLibrary">
<doc>Click the element identified by ``locator``.</doc>
<arguments>
<arg>${BOT-FORMA-ENTR}</arg>
</arguments>
<msg timestamp="20200706 16:40:09.711" level="INFO">Clicking element 'id: radio35120'.</msg>
<status status="PASS" starttime="20200706 16:40:09.710" endtime="20200706 16:40:10.459"></status>
</kw>
<kw name="Click Element" library="SeleniumLibrary">
<doc>Click the element identified by ``locator``.</doc>
<arguments>
<arg>${BOT-FORMA-PAG}</arg>
</arguments>
<msg timestamp="20200706 16:40:10.459" level="INFO">Clicking element 'xpath=//*[@id="finalize-payment"]'.</msg>
<status status="PASS" starttime="20200706 16:40:10.459" endtime="20200706 16:40:15.076"></status>
</kw>
<status status="PASS" starttime="20200706 16:40:09.709" endtime="20200706 16:40:15.076"></status>
</kw>
<status status="PASS" starttime="20200706 16:40:09.708" endtime="20200706 16:40:15.077"></status>
</kw>
<kw name="Então sistema direciona para página de forma de pagamento">
<kw name="Verifica página de forma de pagamento" library="Resource">
<kw name="Set Selenium Implicit Wait" library="SeleniumLibrary">
<doc>Sets the implicit wait value used by Selenium.</doc>
<arguments>
<arg>15 seconds</arg>
</arguments>
<status status="PASS" starttime="20200706 16:40:15.089" endtime="20200706 16:40:15.091"></status>
</kw>
<kw name="Wait Until Element Is Visible" library="SeleniumLibrary">
<doc>Waits until the element ``locator`` is visible.</doc>
<arguments>
<arg>xpath=//*[@id="order"]/div[1]</arg>
</arguments>
<status status="PASS" starttime="20200706 16:40:15.091" endtime="20200706 16:40:15.862"></status>
</kw>
<status status="PASS" starttime="20200706 16:40:15.088" endtime="20200706 16:40:15.862"></status>
</kw>
<status status="PASS" starttime="20200706 16:40:15.087" endtime="20200706 16:40:15.862"></status>
</kw>
<kw name="Quando eu seleciona aba &quot;Boleto Bancário&quot; e finaliza compra">
<kw name="Seleciona aba &quot;Boleto Bancário&quot; e finaliza compra" library="Resource">
<kw name="Click Element" library="SeleniumLibrary">
<doc>Click the element identified by ``locator``.</doc>
<arguments>
<arg>${BOLETO-BANC}</arg>
</arguments>
<msg timestamp="20200706 16:40:15.865" level="INFO">Clicking element 'xpath=//*[@id="boleto-tab"]/a'.</msg>
<status status="PASS" starttime="20200706 16:40:15.864" endtime="20200706 16:40:15.976"></status>
</kw>
<kw name="Set Selenium Implicit Wait" library="SeleniumLibrary">
<doc>Sets the implicit wait value used by Selenium.</doc>
<arguments>
<arg>15 seconds</arg>
</arguments>
<status status="PASS" starttime="20200706 16:40:15.976" endtime="20200706 16:40:15.979"></status>
</kw>
<kw name="Click Element" library="SeleniumLibrary">
<doc>Click the element identified by ``locator``.</doc>
<arguments>
<arg>${FINAL-PEDIDO}</arg>
</arguments>
<msg timestamp="20200706 16:40:15.983" level="INFO">Clicking element 'xpath=//*[@id="template"]/div[1]/div[1]/section/div[2]/a'.</msg>
<status status="PASS" starttime="20200706 16:40:15.979" endtime="20200706 16:40:16.672"></status>
</kw>
<status status="PASS" starttime="20200706 16:40:15.863" endtime="20200706 16:40:16.673"></status>
</kw>
<status status="PASS" starttime="20200706 16:40:15.862" endtime="20200706 16:40:16.673"></status>
</kw>
<kw name="Então sistema direciona para página de Sucesso">
<kw name="Verifica página de sucesso" library="Resource">
<kw name="Set Selenium Implicit Wait" library="SeleniumLibrary">
<doc>Sets the implicit wait value used by Selenium.</doc>
<arguments>
<arg>15 seconds</arg>
</arguments>
<status status="PASS" starttime="20200706 16:40:16.675" endtime="20200706 16:40:16.678"></status>
</kw>
<kw name="Wait Until Element Is Visible" library="SeleniumLibrary">
<doc>Waits until the element ``locator`` is visible.</doc>
<arguments>
<arg>xpath=//*[@id="wrapper"]/main/div[1]/div[1]/div/div/div[2]/h2</arg>
</arguments>
<status status="PASS" starttime="20200706 16:40:16.678" endtime="20200706 16:40:21.743"></status>
</kw>
<kw name="Wait Until Element Is Visible" library="SeleniumLibrary">
<doc>Waits until the element ``locator`` is visible.</doc>
<arguments>
<arg>xpath=//*[@id="wrapper"]/main/div[1]/div[1]/div/div/div[2]/p[1]/strong</arg>
</arguments>
<status status="PASS" starttime="20200706 16:40:21.744" endtime="20200706 16:40:21.768"></status>
</kw>
<kw name="Capture Page Screenshot" library="SeleniumLibrary">
<doc>Takes a screenshot of the current page and embeds it into a log file.</doc>
<msg timestamp="20200706 16:40:22.236" level="INFO" html="yes">&lt;/td&gt;&lt;/tr&gt;&lt;tr&gt;&lt;td colspan="3"&gt;&lt;a href="selenium-screenshot-1.png"&gt;&lt;img src="selenium-screenshot-1.png" width="800px"&gt;&lt;/a&gt;</msg>
<status status="PASS" starttime="20200706 16:40:21.768" endtime="20200706 16:40:22.236"></status>
</kw>
<status status="PASS" starttime="20200706 16:40:16.674" endtime="20200706 16:40:22.237"></status>
</kw>
<status status="PASS" starttime="20200706 16:40:16.674" endtime="20200706 16:40:22.237"></status>
</kw>
<status status="PASS" starttime="20200706 16:39:35.476" endtime="20200706 16:40:22.239" critical="yes"></status>
</test>
<status status="PASS" starttime="20200706 16:39:35.137" endtime="20200706 16:40:22.242"></status>
</suite>
<statistics>
<total>
<stat pass="1" fail="0">Critical Tests</stat>
<stat pass="1" fail="0">All Tests</stat>
</total>
<tag>
</tag>
<suite>
<stat pass="1" fail="0" id="s1" name="TestSiteTocaObra">TestSiteTocaObra</stat>
</suite>
</statistics>
<errors>
</errors>
</robot>
